2025-09-20T09:16:36.133+09:00  INFO 86722 --- [springboot-todo-lab] [restartedMain] c.e.s.SpringbootTodoLabApplication       : Starting SpringbootTodoLabApplication using Java 21.0.3 with PID 86722 (/Users/masaki_okajima/work-space/springboot-todo-lab/target/classes started by masaki_okajima in /Users/masaki_okajima/work-space/springboot-todo-lab)
2025-09-20T09:16:36.134+09:00  INFO 86722 --- [springboot-todo-lab] [restartedMain] c.e.s.SpringbootTodoLabApplication       : No active profile set, falling back to 1 default profile: "default"
2025-09-20T09:16:36.156+09:00  INFO 86722 --- [springboot-todo-lab] [restartedMain] .e.DevToolsPropertyDefaultsPostProcessor : Devtools property defaults active! Set 'spring.devtools.add-properties' to 'false' to disable
2025-09-20T09:16:36.156+09:00  INFO 86722 --- [springboot-todo-lab] [restartedMain] .e.DevToolsPropertyDefaultsPostProcessor : For additional web related logging consider setting the 'logging.level.web' property to 'DEBUG'
2025-09-20T09:16:36.574+09:00  INFO 86722 --- [springboot-todo-lab] [restartedMain] .s.d.r.c.RepositoryConfigurationDelegate : Bootstrapping Spring Data JPA repositories in DEFAULT mode.
2025-09-20T09:16:36.585+09:00  INFO 86722 --- [springboot-todo-lab] [restartedMain] .s.d.r.c.RepositoryConfigurationDelegate : Finished Spring Data repository scanning in 6 ms. Found 0 JPA repository interfaces.
2025-09-20T09:16:36.815+09:00  INFO 86722 --- [springboot-todo-lab] [restartedMain] o.s.b.w.embedded.tomcat.TomcatWebServer  : Tomcat initialized with port 8080 (http)
2025-09-20T09:16:36.823+09:00  INFO 86722 --- [springboot-todo-lab] [restartedMain] o.apache.catalina.core.StandardService   : Starting service [Tomcat]
2025-09-20T09:16:36.823+09:00  INFO 86722 --- [springboot-todo-lab] [restartedMain] o.apache.catalina.core.StandardEngine    : Starting Servlet engine: [Apache Tomcat/10.1.44]
2025-09-20T09:16:36.843+09:00  INFO 86722 --- [springboot-todo-lab] [restartedMain] o.a.c.c.C.[Tomcat].[localhost].[/]       : Initializing Spring embedded WebApplicationContext
2025-09-20T09:16:36.843+09:00  INFO 86722 --- [springboot-todo-lab] [restartedMain] w.s.c.ServletWebServerApplicationContext : Root WebApplicationContext: initialization completed in 687 ms
2025-09-20T09:16:36.967+09:00  INFO 86722 --- [springboot-todo-lab] [restartedMain] o.hibernate.jpa.internal.util.LogHelper  : HHH000204: Processing PersistenceUnitInfo [name: default]
2025-09-20T09:16:36.997+09:00  INFO 86722 --- [springboot-todo-lab] [restartedMain] org.hibernate.Version                    : HHH000412: Hibernate ORM core version 6.6.26.Final
2025-09-20T09:16:37.013+09:00  INFO 86722 --- [springboot-todo-lab] [restartedMain] o.h.c.internal.RegionFactoryInitiator    : HHH000026: Second-level cache disabled
2025-09-20T09:16:37.152+09:00  INFO 86722 --- [springboot-todo-lab] [restartedMain] o.s.o.j.p.SpringPersistenceUnitInfo      : No LoadTimeWeaver setup: ignoring JPA class transformer
2025-09-20T09:16:37.166+09:00  INFO 86722 --- [springboot-todo-lab] [restartedMain] com.zaxxer.hikari.HikariDataSource       : HikariPool-1 - Starting...
2025-09-20T09:16:37.258+09:00  INFO 86722 --- [springboot-todo-lab] [restartedMain] com.zaxxer.hikari.pool.HikariPool        : HikariPool-1 - Added connection conn0: url=jdbc:h2:mem:testdb user=SA
2025-09-20T09:16:37.259+09:00  INFO 86722 --- [springboot-todo-lab] [restartedMain] com.zaxxer.hikari.HikariDataSource       : HikariPool-1 - Start completed.
2025-09-20T09:16:37.275+09:00  WARN 86722 --- [springboot-todo-lab] [restartedMain] org.hibernate.orm.deprecation            : HHH90000025: H2Dialect does not need to be specified explicitly using 'hibernate.dialect' (remove the property setting and it will be selected by default)
2025-09-20T09:16:37.286+09:00  INFO 86722 --- [springboot-todo-lab] [restartedMain] org.hibernate.orm.connections.pooling    : HHH10001005: Database info:
	Database JDBC URL [Connecting through datasource 'HikariDataSource (HikariPool-1)']
	Database driver: undefined/unknown
	Database version: 2.3.232
	Autocommit mode: undefined/unknown
	Isolation level: undefined/unknown
	Minimum pool size: undefined/unknown
	Maximum pool size: undefined/unknown
2025-09-20T09:16:37.440+09:00  INFO 86722 --- [springboot-todo-lab] [restartedMain] o.h.e.t.j.p.i.JtaPlatformInitiator       : HHH000489: No JTA platform available (set 'hibernate.transaction.jta.platform' to enable JTA platform integration)
2025-09-20T09:16:37.442+09:00  INFO 86722 --- [springboot-todo-lab] [restartedMain] j.LocalContainerEntityManagerFactoryBean : Initialized JPA EntityManagerFactory for persistence unit 'default'
2025-09-20T09:16:37.472+09:00  WARN 86722 --- [springboot-todo-lab] [restartedMain] JpaBaseConfiguration$JpaWebConfiguration : spring.jpa.open-in-view is enabled by default. Therefore, database queries may be performed during view rendering. Explicitly configure spring.jpa.open-in-view to disable this warning
2025-09-20T09:16:37.675+09:00  INFO 86722 --- [springboot-todo-lab] [restartedMain] o.s.b.a.h2.H2ConsoleAutoConfiguration    : H2 console available at '/h2-console'. Database available at 'jdbc:h2:mem:testdb'
2025-09-20T09:16:37.695+09:00  WARN 86722 --- [springboot-todo-lab] [restartedMain] o.s.b.d.a.OptionalLiveReloadServer       : Unable to start LiveReload server
2025-09-20T09:16:37.700+09:00  INFO 86722 --- [springboot-todo-lab] [restartedMain] o.s.b.a.e.web.EndpointLinksResolver      : Exposing 1 endpoint beneath base path '/actuator'
2025-09-20T09:16:37.735+09:00  WARN 86722 --- [springboot-todo-lab] [restartedMain] ConfigServletWebServerApplicationContext : Exception encountered during context initialization - cancelling refresh attempt: org.springframework.context.ApplicationContextException: Failed to start bean 'webServerStartStop'
2025-09-20T09:16:37.736+09:00  INFO 86722 --- [springboot-todo-lab] [restartedMain] j.LocalContainerEntityManagerFactoryBean : Closing JPA EntityManagerFactory for persistence unit 'default'
2025-09-20T09:16:37.740+09:00  WARN 86722 --- [springboot-todo-lab] [restartedMain] o.s.b.f.support.DisposableBeanAdapter    : Invocation of destroy method failed on bean with name 'inMemoryDatabaseShutdownExecutor': org.h2.jdbc.JdbcSQLNonTransientConnectionException: データベースはすでに閉じられています (VM終了時の自動データベースクローズを無効にするためには、db URLに ";DB_CLOSE_ON_EXIT=FALSE" を追加してください)
Database is already closed (to disable automatic closing at VM shutdown, add ";DB_CLOSE_ON_EXIT=FALSE" to the db URL) [90121-232]
2025-09-20T09:16:37.741+09:00  INFO 86722 --- [springboot-todo-lab] [restartedMain] com.zaxxer.hikari.HikariDataSource       : HikariPool-1 - Shutdown initiated...
2025-09-20T09:16:37.742+09:00  INFO 86722 --- [springboot-todo-lab] [restartedMain] com.zaxxer.hikari.HikariDataSource       : HikariPool-1 - Shutdown completed.
2025-09-20T09:16:37.752+09:00  INFO 86722 --- [springboot-todo-lab] [restartedMain] .s.b.a.l.ConditionEvaluationReportLogger : 

Error starting ApplicationContext. To display the condition evaluation report re-run your application with 'debug' enabled.
2025-09-20T09:16:37.762+09:00 ERROR 86722 --- [springboot-todo-lab] [restartedMain] o.s.b.d.LoggingFailureAnalysisReporter   : 

***************************
APPLICATION FAILED TO START
***************************

Description:

Web server failed to start. Port 8080 was already in use.

Action:

Identify and stop the process that's listening on port 8080 or configure this application to listen on another port.

2025-09-20T09:16:38.648+09:00  INFO 47475 --- [springboot-todo-lab] [restartedMain] c.e.s.SpringbootTodoLabApplication       : Starting SpringbootTodoLabApplication using Java 21.0.3 with PID 47475 (/Users/masaki_okajima/work-space/springboot-todo-lab/target/classes started by masaki_okajima in /Users/masaki_okajima/work-space/springboot-todo-lab)
2025-09-20T09:16:38.649+09:00  INFO 47475 --- [springboot-todo-lab] [restartedMain] c.e.s.SpringbootTodoLabApplication       : No active profile set, falling back to 1 default profile: "default"
2025-09-20T09:16:38.896+09:00  INFO 47475 --- [springboot-todo-lab] [restartedMain] .s.d.r.c.RepositoryConfigurationDelegate : Bootstrapping Spring Data JPA repositories in DEFAULT mode.
2025-09-20T09:16:38.898+09:00  INFO 47475 --- [springboot-todo-lab] [restartedMain] .s.d.r.c.RepositoryConfigurationDelegate : Finished Spring Data repository scanning in 1 ms. Found 0 JPA repository interfaces.
2025-09-20T09:16:38.977+09:00  INFO 47475 --- [springboot-todo-lab] [restartedMain] o.s.b.w.embedded.tomcat.TomcatWebServer  : Tomcat initialized with port 8080 (http)
2025-09-20T09:16:38.978+09:00  INFO 47475 --- [springboot-todo-lab] [restartedMain] o.apache.catalina.core.StandardService   : Starting service [Tomcat]
2025-09-20T09:16:38.979+09:00  INFO 47475 --- [springboot-todo-lab] [restartedMain] o.apache.catalina.core.StandardEngine    : Starting Servlet engine: [Apache Tomcat/10.1.44]
2025-09-20T09:16:38.988+09:00  INFO 47475 --- [springboot-todo-lab] [restartedMain] o.a.c.c.C.[Tomcat-4].[localhost].[/]     : Initializing Spring embedded WebApplicationContext
2025-09-20T09:16:38.989+09:00  INFO 47475 --- [springboot-todo-lab] [restartedMain] w.s.c.ServletWebServerApplicationContext : Root WebApplicationContext: initialization completed in 334 ms
2025-09-20T09:16:39.064+09:00  INFO 47475 --- [springboot-todo-lab] [restartedMain] o.hibernate.jpa.internal.util.LogHelper  : HHH000204: Processing PersistenceUnitInfo [name: default]
2025-09-20T09:16:39.066+09:00  INFO 47475 --- [springboot-todo-lab] [restartedMain] o.h.c.internal.RegionFactoryInitiator    : HHH000026: Second-level cache disabled
2025-09-20T09:16:39.074+09:00  INFO 47475 --- [springboot-todo-lab] [restartedMain] o.s.o.j.p.SpringPersistenceUnitInfo      : No LoadTimeWeaver setup: ignoring JPA class transformer
2025-09-20T09:16:39.075+09:00  INFO 47475 --- [springboot-todo-lab] [restartedMain] com.zaxxer.hikari.HikariDataSource       : HikariPool-7 - Starting...
2025-09-20T09:16:39.078+09:00  INFO 47475 --- [springboot-todo-lab] [restartedMain] com.zaxxer.hikari.pool.HikariPool        : HikariPool-7 - Added connection conn1101: url=jdbc:h2:mem:testdb user=SA
2025-09-20T09:16:39.078+09:00  INFO 47475 --- [springboot-todo-lab] [restartedMain] com.zaxxer.hikari.HikariDataSource       : HikariPool-7 - Start completed.
2025-09-20T09:16:39.078+09:00  WARN 47475 --- [springboot-todo-lab] [restartedMain] org.hibernate.orm.deprecation            : HHH90000025: H2Dialect does not need to be specified explicitly using 'hibernate.dialect' (remove the property setting and it will be selected by default)
2025-09-20T09:16:39.079+09:00  INFO 47475 --- [springboot-todo-lab] [restartedMain] org.hibernate.orm.connections.pooling    : HHH10001005: Database info:
	Database JDBC URL [Connecting through datasource 'HikariDataSource (HikariPool-7)']
	Database driver: undefined/unknown
	Database version: 2.3.232
	Autocommit mode: undefined/unknown
	Isolation level: undefined/unknown
	Minimum pool size: undefined/unknown
	Maximum pool size: undefined/unknown
2025-09-20T09:16:39.096+09:00  INFO 47475 --- [springboot-todo-lab] [restartedMain] o.h.e.t.j.p.i.JtaPlatformInitiator       : HHH000489: No JTA platform available (set 'hibernate.transaction.jta.platform' to enable JTA platform integration)
2025-09-20T09:16:39.096+09:00  INFO 47475 --- [springboot-todo-lab] [restartedMain] j.LocalContainerEntityManagerFactoryBean : Initialized JPA EntityManagerFactory for persistence unit 'default'
2025-09-20T09:16:39.119+09:00  WARN 47475 --- [springboot-todo-lab] [restartedMain] JpaBaseConfiguration$JpaWebConfiguration : spring.jpa.open-in-view is enabled by default. Therefore, database queries may be performed during view rendering. Explicitly configure spring.jpa.open-in-view to disable this warning
2025-09-20T09:16:39.209+09:00  INFO 47475 --- [springboot-todo-lab] [restartedMain] o.s.b.a.h2.H2ConsoleAutoConfiguration    : H2 console available at '/h2-console'. Database available at 'jdbc:h2:mem:testdb'
2025-09-20T09:16:39.216+09:00  INFO 47475 --- [springboot-todo-lab] [restartedMain] o.s.b.d.a.OptionalLiveReloadServer       : LiveReload server is running on port 35729
2025-09-20T09:16:39.219+09:00  INFO 47475 --- [springboot-todo-lab] [restartedMain] o.s.b.a.e.web.EndpointLinksResolver      : Exposing 1 endpoint beneath base path '/actuator'
2025-09-20T09:16:39.230+09:00  INFO 47475 --- [springboot-todo-lab] [restartedMain] o.s.b.w.embedded.tomcat.TomcatWebServer  : Tomcat started on port 8080 (http) with context path '/'
2025-09-20T09:16:39.237+09:00  INFO 47475 --- [springboot-todo-lab] [restartedMain] c.e.s.SpringbootTodoLabApplication       : Started SpringbootTodoLabApplication in 0.67 seconds (process running for 165943.443)
2025-09-20T09:16:39.238+09:00  INFO 47475 --- [springboot-todo-lab] [restartedMain] .ConditionEvaluationDeltaLoggingListener : Condition evaluation unchanged
2025-09-20T09:17:06.665+09:00  INFO 47475 --- [springboot-todo-lab] [SpringApplicationShutdownHook] o.s.b.w.e.tomcat.GracefulShutdown        : Commencing graceful shutdown. Waiting for active requests to complete
2025-09-20T09:17:08.677+09:00  INFO 47475 --- [springboot-todo-lab] [tomcat-shutdown] o.s.b.w.e.tomcat.GracefulShutdown        : Graceful shutdown complete
2025-09-20T09:17:08.684+09:00  INFO 47475 --- [springboot-todo-lab] [SpringApplicationShutdownHook] j.LocalContainerEntityManagerFactoryBean : Closing JPA EntityManagerFactory for persistence unit 'default'
2025-09-20T09:17:08.687+09:00  WARN 47475 --- [springboot-todo-lab] [SpringApplicationShutdownHook] o.s.b.f.support.DisposableBeanAdapter    : Invocation of destroy method failed on bean with name 'inMemoryDatabaseShutdownExecutor': org.h2.jdbc.JdbcSQLNonTransientConnectionException: データベースはすでに閉じられています (VM終了時の自動データベースクローズを無効にするためには、db URLに ";DB_CLOSE_ON_EXIT=FALSE" を追加してください)
Database is already closed (to disable automatic closing at VM shutdown, add ";DB_CLOSE_ON_EXIT=FALSE" to the db URL) [90121-232]
2025-09-20T09:17:08.688+09:00  INFO 47475 --- [springboot-todo-lab] [SpringApplicationShutdownHook] com.zaxxer.hikari.HikariDataSource       : HikariPool-7 - Shutdown initiated...
2025-09-20T09:17:08.690+09:00  INFO 47475 --- [springboot-todo-lab] [SpringApplicationShutdownHook] com.zaxxer.hikari.HikariDataSource       : HikariPool-7 - Shutdown completed.
2025-09-20T09:17:24.466+09:00  INFO 87468 --- [springboot-todo-lab] [restartedMain] c.e.s.SpringbootTodoLabApplication       : Starting SpringbootTodoLabApplication using Java 21.0.3 with PID 87468 (/Users/masaki_okajima/work-space/springboot-todo-lab/target/classes started by masaki_okajima in /Users/masaki_okajima/work-space/springboot-todo-lab)
2025-09-20T09:17:24.467+09:00  INFO 87468 --- [springboot-todo-lab] [restartedMain] c.e.s.SpringbootTodoLabApplication       : No active profile set, falling back to 1 default profile: "default"
2025-09-20T09:17:24.488+09:00  INFO 87468 --- [springboot-todo-lab] [restartedMain] .e.DevToolsPropertyDefaultsPostProcessor : Devtools property defaults active! Set 'spring.devtools.add-properties' to 'false' to disable
2025-09-20T09:17:24.488+09:00  INFO 87468 --- [springboot-todo-lab] [restartedMain] .e.DevToolsPropertyDefaultsPostProcessor : For additional web related logging consider setting the 'logging.level.web' property to 'DEBUG'
2025-09-20T09:17:24.882+09:00  INFO 87468 --- [springboot-todo-lab] [restartedMain] .s.d.r.c.RepositoryConfigurationDelegate : Bootstrapping Spring Data JPA repositories in DEFAULT mode.
2025-09-20T09:17:24.893+09:00  INFO 87468 --- [springboot-todo-lab] [restartedMain] .s.d.r.c.RepositoryConfigurationDelegate : Finished Spring Data repository scanning in 6 ms. Found 0 JPA repository interfaces.
2025-09-20T09:17:25.137+09:00  INFO 87468 --- [springboot-todo-lab] [restartedMain] o.s.b.w.embedded.tomcat.TomcatWebServer  : Tomcat initialized with port 8080 (http)
2025-09-20T09:17:25.148+09:00  INFO 87468 --- [springboot-todo-lab] [restartedMain] o.apache.catalina.core.StandardService   : Starting service [Tomcat]
2025-09-20T09:17:25.148+09:00  INFO 87468 --- [springboot-todo-lab] [restartedMain] o.apache.catalina.core.StandardEngine    : Starting Servlet engine: [Apache Tomcat/10.1.44]
2025-09-20T09:17:25.166+09:00  INFO 87468 --- [springboot-todo-lab] [restartedMain] o.a.c.c.C.[Tomcat].[localhost].[/]       : Initializing Spring embedded WebApplicationContext
2025-09-20T09:17:25.166+09:00  INFO 87468 --- [springboot-todo-lab] [restartedMain] w.s.c.ServletWebServerApplicationContext : Root WebApplicationContext: initialization completed in 677 ms
2025-09-20T09:17:25.283+09:00  INFO 87468 --- [springboot-todo-lab] [restartedMain] o.hibernate.jpa.internal.util.LogHelper  : HHH000204: Processing PersistenceUnitInfo [name: default]
2025-09-20T09:17:25.315+09:00  INFO 87468 --- [springboot-todo-lab] [restartedMain] org.hibernate.Version                    : HHH000412: Hibernate ORM core version 6.6.26.Final
2025-09-20T09:17:25.331+09:00  INFO 87468 --- [springboot-todo-lab] [restartedMain] o.h.c.internal.RegionFactoryInitiator    : HHH000026: Second-level cache disabled
2025-09-20T09:17:25.467+09:00  INFO 87468 --- [springboot-todo-lab] [restartedMain] o.s.o.j.p.SpringPersistenceUnitInfo      : No LoadTimeWeaver setup: ignoring JPA class transformer
2025-09-20T09:17:25.482+09:00  INFO 87468 --- [springboot-todo-lab] [restartedMain] com.zaxxer.hikari.HikariDataSource       : HikariPool-1 - Starting...
2025-09-20T09:17:25.575+09:00  INFO 87468 --- [springboot-todo-lab] [restartedMain] com.zaxxer.hikari.pool.HikariPool        : HikariPool-1 - Added connection conn0: url=jdbc:h2:mem:testdb user=SA
2025-09-20T09:17:25.576+09:00  INFO 87468 --- [springboot-todo-lab] [restartedMain] com.zaxxer.hikari.HikariDataSource       : HikariPool-1 - Start completed.
2025-09-20T09:17:25.588+09:00  WARN 87468 --- [springboot-todo-lab] [restartedMain] org.hibernate.orm.deprecation            : HHH90000025: H2Dialect does not need to be specified explicitly using 'hibernate.dialect' (remove the property setting and it will be selected by default)
2025-09-20T09:17:25.598+09:00  INFO 87468 --- [springboot-todo-lab] [restartedMain] org.hibernate.orm.connections.pooling    : HHH10001005: Database info:
	Database JDBC URL [Connecting through datasource 'HikariDataSource (HikariPool-1)']
	Database driver: undefined/unknown
	Database version: 2.3.232
	Autocommit mode: undefined/unknown
	Isolation level: undefined/unknown
	Minimum pool size: undefined/unknown
	Maximum pool size: undefined/unknown
2025-09-20T09:17:25.754+09:00  INFO 87468 --- [springboot-todo-lab] [restartedMain] o.h.e.t.j.p.i.JtaPlatformInitiator       : HHH000489: No JTA platform available (set 'hibernate.transaction.jta.platform' to enable JTA platform integration)
2025-09-20T09:17:25.756+09:00  INFO 87468 --- [springboot-todo-lab] [restartedMain] j.LocalContainerEntityManagerFactoryBean : Initialized JPA EntityManagerFactory for persistence unit 'default'
2025-09-20T09:17:25.785+09:00  WARN 87468 --- [springboot-todo-lab] [restartedMain] JpaBaseConfiguration$JpaWebConfiguration : spring.jpa.open-in-view is enabled by default. Therefore, database queries may be performed during view rendering. Explicitly configure spring.jpa.open-in-view to disable this warning
2025-09-20T09:17:25.984+09:00  INFO 87468 --- [springboot-todo-lab] [restartedMain] o.s.b.a.h2.H2ConsoleAutoConfiguration    : H2 console available at '/h2-console'. Database available at 'jdbc:h2:mem:testdb'
2025-09-20T09:17:26.004+09:00  INFO 87468 --- [springboot-todo-lab] [restartedMain] o.s.b.d.a.OptionalLiveReloadServer       : LiveReload server is running on port 35729
2025-09-20T09:17:26.010+09:00  INFO 87468 --- [springboot-todo-lab] [restartedMain] o.s.b.a.e.web.EndpointLinksResolver      : Exposing 1 endpoint beneath base path '/actuator'
2025-09-20T09:17:26.048+09:00  INFO 87468 --- [springboot-todo-lab] [restartedMain] o.s.b.w.embedded.tomcat.TomcatWebServer  : Tomcat started on port 8080 (http) with context path '/'
2025-09-20T09:17:26.057+09:00  INFO 87468 --- [springboot-todo-lab] [restartedMain] c.e.s.SpringbootTodoLabApplication       : Started SpringbootTodoLabApplication in 1.792 seconds (process running for 1.975)
